2025-06-21 11:24:00 [main] INFO  backend.example.mxh.MxhApplication - Starting MxhApplication using Java 22.0.2 with PID 14896 (D:\mxh\target\classes started by Admin in D:\mxh)
2025-06-21 11:24:00 [main] DEBUG backend.example.mxh.MxhApplication - Running with Spring Boot v3.2.4, Spring v6.1.5
2025-06-21 11:24:00 [main] INFO  backend.example.mxh.MxhApplication - The following 1 profile is active: "dev"
2025-06-21 11:24:02 [main] INFO  o.s.d.r.c.RepositoryConfigurationDelegate - Bootstrapping Spring Data JPA repositories in DEFAULT mode.
2025-06-21 11:24:02 [main] INFO  o.s.d.r.c.RepositoryConfigurationDelegate - Finished Spring Data repository scanning in 143 ms. Found 11 JPA repository interfaces.
2025-06-21 11:24:03 [main] INFO  o.s.b.w.e.tomcat.TomcatWebServer - Tomcat initialized with port 8080 (http)
2025-06-21 11:24:03 [main] INFO  o.s.b.w.s.c.ServletWebServerApplicationContext - Root WebApplicationContext: initialization completed in 3199 ms
2025-06-21 11:24:04 [main] INFO  o.h.jpa.internal.util.LogHelper - HHH000204: Processing PersistenceUnitInfo [name: default]
2025-06-21 11:24:04 [main] INFO  org.hibernate.Version - HHH000412: Hibernate ORM core version 6.4.4.Final
2025-06-21 11:24:04 [main] INFO  o.h.c.i.RegionFactoryInitiator - HHH000026: Second-level cache disabled
2025-06-21 11:24:04 [main] INFO  o.s.o.j.p.SpringPersistenceUnitInfo - No LoadTimeWeaver setup: ignoring JPA class transformer
2025-06-21 11:24:04 [main] INFO  com.zaxxer.hikari.HikariDataSource - HikariPool-1 - Starting...
2025-06-21 11:24:05 [main] INFO  com.zaxxer.hikari.pool.HikariPool - HikariPool-1 - Added connection com.mysql.cj.jdbc.ConnectionImpl@12270a01
2025-06-21 11:24:05 [main] INFO  com.zaxxer.hikari.HikariDataSource - HikariPool-1 - Start completed.
2025-06-21 11:24:05 [main] WARN  org.hibernate.orm.deprecation - HHH90000025: MySQL8Dialect does not need to be specified explicitly using 'hibernate.dialect' (remove the property setting and it will be selected by default)
2025-06-21 11:24:05 [main] WARN  org.hibernate.orm.deprecation - HHH90000026: MySQL8Dialect has been deprecated; use org.hibernate.dialect.MySQLDialect instead
2025-06-21 11:24:06 [main] INFO  o.h.e.t.j.p.i.JtaPlatformInitiator - HHH000489: No JTA platform available (set 'hibernate.transaction.jta.platform' to enable JTA platform integration)
2025-06-21 11:24:07 [main] INFO  o.s.o.j.LocalContainerEntityManagerFactoryBean - Initialized JPA EntityManagerFactory for persistence unit 'default'
2025-06-21 11:24:07 [main] INFO  o.s.d.j.r.query.QueryEnhancerFactory - Hibernate is in classpath; If applicable, HQL parser will be used.
2025-06-21 11:24:09 [main] WARN  o.s.b.a.o.j.JpaBaseConfiguration$JpaWebConfiguration - spring.jpa.open-in-view is enabled by default. Therefore, database queries may be performed during view rendering. Explicitly configure spring.jpa.open-in-view to disable this warning
2025-06-21 11:24:11 [main] INFO  o.s.b.w.e.tomcat.TomcatWebServer - Tomcat started on port 8080 (http) with context path ''
2025-06-21 11:24:11 [main] INFO  o.s.m.s.b.SimpleBrokerMessageHandler - Starting...
2025-06-21 11:24:11 [main] INFO  o.s.m.s.b.SimpleBrokerMessageHandler - BrokerAvailabilityEvent[available=true, SimpleBrokerMessageHandler [org.springframework.messaging.simp.broker.DefaultSubscriptionRegistry@20ba139b]]
2025-06-21 11:24:11 [main] INFO  o.s.m.s.b.SimpleBrokerMessageHandler - Started.
2025-06-21 11:24:11 [main] INFO  backend.example.mxh.MxhApplication - Started MxhApplication in 11.295 seconds (process running for 12.351)
2025-06-21 11:24:11 [MessageBroker-1] DEBUG org.hibernate.SQL - 
    select
        u1_0.id,
        u1_0.account_status,
        u1_0.avatar_url,
        u1_0.bio,
        u1_0.created_at,
        u1_0.email,
        u1_0.full_name,
        u1_0.last_active,
        u1_0.password,
        u1_0.public_id,
        u1_0.role,
        u1_0.status,
        u1_0.updated_at,
        u1_0.username 
    from
        user u1_0 
    where
        u1_0.status=? 
        and u1_0.last_active<?
2025-06-21 11:25:11 [MessageBroker-1] DEBUG org.hibernate.SQL - 
    select
        u1_0.id,
        u1_0.account_status,
        u1_0.avatar_url,
        u1_0.bio,
        u1_0.created_at,
        u1_0.email,
        u1_0.full_name,
        u1_0.last_active,
        u1_0.password,
        u1_0.public_id,
        u1_0.role,
        u1_0.status,
        u1_0.updated_at,
        u1_0.username 
    from
        user u1_0 
    where
        u1_0.status=? 
        and u1_0.last_active<?
2025-06-21 11:25:55 [SpringApplicationShutdownHook] INFO  o.s.m.s.b.SimpleBrokerMessageHandler - Stopping...
2025-06-21 11:25:55 [SpringApplicationShutdownHook] INFO  o.s.m.s.b.SimpleBrokerMessageHandler - BrokerAvailabilityEvent[available=false, SimpleBrokerMessageHandler [org.springframework.messaging.simp.broker.DefaultSubscriptionRegistry@20ba139b]]
2025-06-21 11:25:55 [SpringApplicationShutdownHook] INFO  o.s.m.s.b.SimpleBrokerMessageHandler - Stopped.
2025-06-21 11:25:55 [SpringApplicationShutdownHook] INFO  o.s.o.j.LocalContainerEntityManagerFactoryBean - Closing JPA EntityManagerFactory for persistence unit 'default'
2025-06-21 11:25:55 [SpringApplicationShutdownHook] INFO  com.zaxxer.hikari.HikariDataSource - HikariPool-1 - Shutdown initiated...
2025-06-21 11:25:55 [SpringApplicationShutdownHook] INFO  com.zaxxer.hikari.HikariDataSource - HikariPool-1 - Shutdown completed.
